# JRE version: Java(TM) SE Runtime Environment (8.0_25-b18) (build 1.8.0_25-b18)
# Java VM: Java HotSpot(TM) 64-Bit Server VM (25.25-b02 mixed mode windows-amd64 compressed oops)
Heap:
 PSYoungGen      total 145408K, used 87585K [0x00000000d5f00000, 0x00000000e0b00000, 0x0000000100000000)
  eden space 133120K, 65% used [0x00000000d5f00000,0x00000000db488460,0x00000000de100000)
  from space 12288K, 0% used [0x00000000dff00000,0x00000000dff00000,0x00000000e0b00000)
  to   space 5120K, 0% used [0x00000000de100000,0x00000000de100000,0x00000000de600000)
 ParOldGen       total 66560K, used 17949K [0x0000000081c00000, 0x0000000085d00000, 0x00000000d5f00000)
  object space 66560K, 26% used [0x0000000081c00000,0x0000000082d876d8,0x0000000085d00000)
 Metaspace       used 35893K, capacity 37322K, committed 37592K, reserved 1081344K
  class space    used 4623K, capacity 4863K, committed 4864K, reserved 1048576K
GC Heap History (10 events):
Event: 1.980 GC heap before
{Heap before GC invocations=4 (full 1):
 PSYoungGen      total 71680K, used 5114K [0x00000000d5f00000, 0x00000000deb00000, 0x0000000100000000)
  eden space 66560K, 0% used [0x00000000d5f00000,0x00000000d5f00000,0x00000000da000000)
  from space 5120K, 99% used [0x00000000da000000,0x00000000da4fe8f8,0x00000000da500000)
  to   space 5120K, 0% used [0x00000000de600000,0x00000000de600000,0x00000000deb00000)
 ParOldGen       total 87552K, used 6968K [0x0000000081c00000, 0x0000000087180000, 0x00000000d5f00000)
  object space 87552K, 7% used [0x0000000081c00000,0x00000000822ce278,0x0000000087180000)
 Metaspace       used 20520K, capacity 21142K, committed 21248K, reserved 1067008K
  class space    used 2659K, capacity 2803K, committed 2816K, reserved 1048576K
Event: 2.012 GC heap after
Heap after GC invocations=4 (full 1):
 PSYoungGen      total 71680K, used 0K [0x00000000d5f00000, 0x00000000deb00000, 0x0000000100000000)
  eden space 66560K, 0% used [0x00000000d5f00000,0x00000000d5f00000,0x00000000da000000)
  from space 5120K, 0% used [0x00000000da000000,0x00000000da000000,0x00000000da500000)
  to   space 5120K, 0% used [0x00000000de600000,0x00000000de600000,0x00000000deb00000)
 ParOldGen       total 66560K, used 10727K [0x0000000081c00000, 0x0000000085d00000, 0x00000000d5f00000)
  object space 66560K, 16% used [0x0000000081c00000,0x0000000082679d08,0x0000000085d00000)
 Metaspace       used 20519K, capacity 21140K, committed 21248K, reserved 1067008K
  class space    used 2658K, capacity 2802K, committed 2816K, reserved 1048576K
}
Event: 2.615 GC heap before
{Heap before GC invocations=5 (full 1):
 PSYoungGen      total 71680K, used 66522K [0x00000000d5f00000, 0x00000000deb00000, 0x0000000100000000)
  eden space 66560K, 99% used [0x00000000d5f00000,0x00000000d9ff6a98,0x00000000da000000)
  from space 5120K, 0% used [0x00000000da000000,0x00000000da000000,0x00000000da500000)
  to   space 5120K, 0% used [0x00000000de600000,0x00000000de600000,0x00000000deb00000)
 ParOldGen       total 66560K, used 10727K [0x0000000081c00000, 0x0000000085d00000, 0x00000000d5f00000)
  object space 66560K, 16% used [0x0000000081c00000,0x0000000082679d08,0x0000000085d00000)
 Metaspace       used 25382K, capacity 26166K, committed 26496K, reserved 1073152K
  class space    used 3263K, capacity 3415K, committed 3456K, reserved 1048576K
Event: 2.625 GC heap after
Heap after GC invocations=5 (full 1):
 PSYoungGen      total 106496K, used 5100K [0x00000000d5f00000, 0x00000000deb00000, 0x0000000100000000)
  eden space 101376K, 0% used [0x00000000d5f00000,0x00000000d5f00000,0x00000000dc200000)
  from space 5120K, 99% used [0x00000000de600000,0x00000000deafb358,0x00000000deb00000)
  to   space 5120K, 0% used [0x00000000de100000,0x00000000de100000,0x00000000de600000)
 ParOldGen       total 66560K, used 11666K [0x0000000081c00000, 0x0000000085d00000, 0x00000000d5f00000)
  object space 66560K, 17% used [0x0000000081c00000,0x0000000082764818,0x0000000085d00000)
 Metaspace       used 25382K, capacity 26166K, committed 26496K, reserved 1073152K
  class space    used 3263K, capacity 3415K, committed 3456K, reserved 1048576K
}
Event: 3.625 GC heap before
{Heap before GC invocations=6 (full 1):
 PSYoungGen      total 106496K, used 106476K [0x00000000d5f00000, 0x00000000deb00000, 0x0000000100000000)
  eden space 101376K, 100% used [0x00000000d5f00000,0x00000000dc200000,0x00000000dc200000)
  from space 5120K, 99% used [0x00000000de600000,0x00000000deafb358,0x00000000deb00000)
  to   space 5120K, 0% used [0x00000000de100000,0x00000000de100000,0x00000000de600000)
 ParOldGen       total 66560K, used 11666K [0x0000000081c00000, 0x0000000085d00000, 0x00000000d5f00000)
  object space 66560K, 17% used [0x0000000081c00000,0x0000000082764818,0x0000000085d00000)
 Metaspace       used 30389K, capacity 31458K, committed 31616K, reserved 1077248K
  class space    used 3964K, capacity 4169K, committed 4224K, reserved 1048576K
Event: 3.635 GC heap after
Heap after GC invocations=6 (full 1):
 PSYoungGen      total 138240K, used 5097K [0x00000000d5f00000, 0x00000000e0b00000, 0x0000000100000000)
  eden space 133120K, 0% used [0x00000000d5f00000,0x00000000d5f00000,0x00000000de100000)
  from space 5120K, 99% used [0x00000000de100000,0x00000000de5fa718,0x00000000de600000)
  to   space 12288K, 0% used [0x00000000dff00000,0x00000000dff00000,0x00000000e0b00000)
 ParOldGen       total 66560K, used 16394K [0x0000000081c00000, 0x0000000085d00000, 0x00000000d5f00000)
  object space 66560K, 24% used [0x0000000081c00000,0x0000000082c02ba8,0x0000000085d00000)
 Metaspace       used 30389K, capacity 31458K, committed 31616K, reserved 1077248K
  class space    used 3964K, capacity 4169K, committed 4224K, reserved 1048576K
}
Event: 4.539 GC heap before
{Heap before GC invocations=7 (full 1):
 PSYoungGen      total 138240K, used 60921K [0x00000000d5f00000, 0x00000000e0b00000, 0x0000000100000000)
  eden space 133120K, 41% used [0x00000000d5f00000,0x00000000d9583df0,0x00000000de100000)
  from space 5120K, 99% used [0x00000000de100000,0x00000000de5fa718,0x00000000de600000)
  to   space 12288K, 0% used [0x00000000dff00000,0x00000000dff00000,0x00000000e0b00000)
 ParOldGen       total 66560K, used 16394K [0x0000000081c00000, 0x0000000085d00000, 0x00000000d5f00000)
  object space 66560K, 24% used [0x0000000081c00000,0x0000000082c02ba8,0x0000000085d00000)
 Metaspace       used 33979K, capacity 35324K, committed 35416K, reserved 1079296K
  class space    used 4431K, capacity 4692K, committed 4736K, reserved 1048576K
Event: 4.554 GC heap after
Heap after GC invocations=7 (full 1):
 PSYoungGen      total 145408K, used 12277K [0x00000000d5f00000, 0x00000000e0b00000, 0x0000000100000000)
  eden space 133120K, 0% used [0x00000000d5f00000,0x00000000d5f00000,0x00000000de100000)
  from space 12288K, 99% used [0x00000000dff00000,0x00000000e0afd668,0x00000000e0b00000)
  to   space 5120K, 0% used [0x00000000de100000,0x00000000de100000,0x00000000de600000)
 ParOldGen       total 66560K, used 16759K [0x0000000081c00000, 0x0000000085d00000, 0x00000000d5f00000)
  object space 66560K, 25% used [0x0000000081c00000,0x0000000082c5dc98,0x0000000085d00000)
 Metaspace       used 33979K, capacity 35324K, committed 35416K, reserved 1079296K
  class space    used 4431K, capacity 4692K, committed 4736K, reserved 1048576K
}
Event: 4.554 GC heap before
{Heap before GC invocations=8 (full 2):
 PSYoungGen      total 145408K, used 12277K [0x00000000d5f00000, 0x00000000e0b00000, 0x0000000100000000)
  eden space 133120K, 0% used [0x00000000d5f00000,0x00000000d5f00000,0x00000000de100000)
  from space 12288K, 99% used [0x00000000dff00000,0x00000000e0afd668,0x00000000e0b00000)
  to   space 5120K, 0% used [0x00000000de100000,0x00000000de100000,0x00000000de600000)
 ParOldGen       total 66560K, used 16759K [0x0000000081c00000, 0x0000000085d00000, 0x00000000d5f00000)
  object space 66560K, 25% used [0x0000000081c00000,0x0000000082c5dc98,0x0000000085d00000)
 Metaspace       used 33979K, capacity 35324K, committed 35416K, reserved 1079296K
  class space    used 4431K, capacity 4692K, committed 4736K, reserved 1048576K
Event: 4.637 GC heap after
Heap after GC invocations=8 (full 2):
 PSYoungGen      total 145408K, used 0K [0x00000000d5f00000, 0x00000000e0b00000, 0x0000000100000000)
  eden space 133120K, 0% used [0x00000000d5f00000,0x00000000d5f00000,0x00000000de100000)
  from space 12288K, 0% used [0x00000000dff00000,0x00000000dff00000,0x00000000e0b00000)
  to   space 5120K, 0% used [0x00000000de100000,0x00000000de100000,0x00000000de600000)
 ParOldGen       total 66560K, used 17949K [0x0000000081c00000, 0x0000000085d00000, 0x00000000d5f00000)
  object space 66560K, 26% used [0x0000000081c00000,0x0000000082d876d8,0x0000000085d00000)
 Metaspace       used 33979K, capacity 35324K, committed 35416K, reserved 1079296K
  class space    used 4431K, capacity 4692K, committed 4736K, reserved 1048576K
}

