# JRE version: Java(TM) SE Runtime Environment (8.0_25-b18) (build 1.8.0_25-b18)
# Java VM: Java HotSpot(TM) 64-Bit Server VM (25.25-b02 mixed mode windows-amd64 compressed oops)
Heap:
 PSYoungGen      total 187904K, used 6681K [0x00000000d5f00000, 0x00000000e2900000, 0x0000000100000000)
  eden space 177664K, 3% used [0x00000000d5f00000,0x00000000d65864f0,0x00000000e0c80000)
  from space 10240K, 0% used [0x00000000e0c80000,0x00000000e0c80000,0x00000000e1680000)
  to   space 9216K, 0% used [0x00000000e1680000,0x00000000e1680000,0x00000000e1f80000)
 ParOldGen       total 79872K, used 22320K [0x0000000081c00000, 0x0000000086a00000, 0x00000000d5f00000)
  object space 79872K, 27% used [0x0000000081c00000,0x00000000831cc330,0x0000000086a00000)
 Metaspace       used 35811K, capacity 36332K, committed 36648K, reserved 1081344K
  class space    used 4312K, capacity 4415K, committed 4480K, reserved 1048576K
GC Heap History (10 events):
Event: 3.525 GC heap before
{Heap before GC invocations=9 (full 1):
 PSYoungGen      total 74240K, used 66048K [0x00000000d5f00000, 0x00000000df000000, 0x0000000100000000)
  eden space 66048K, 100% used [0x00000000d5f00000,0x00000000d9f80000,0x00000000d9f80000)
  from space 8192K, 0% used [0x00000000d9f80000,0x00000000d9f80000,0x00000000da780000)
  to   space 8192K, 0% used [0x00000000de800000,0x00000000de800000,0x00000000df000000)
 ParOldGen       total 47616K, used 6317K [0x0000000081c00000, 0x0000000084a80000, 0x00000000d5f00000)
  object space 47616K, 13% used [0x0000000081c00000,0x000000008222b740,0x0000000084a80000)
 Metaspace       used 23795K, capacity 24136K, committed 24320K, reserved 1071104K
  class space    used 2953K, capacity 3029K, committed 3072K, reserved 1048576K
Event: 3.530 GC heap after
Heap after GC invocations=9 (full 1):
 PSYoungGen      total 124928K, used 4045K [0x00000000d5f00000, 0x00000000dec00000, 0x0000000100000000)
  eden space 120832K, 0% used [0x00000000d5f00000,0x00000000d5f00000,0x00000000dd500000)
  from space 4096K, 98% used [0x00000000de800000,0x00000000debf36e8,0x00000000dec00000)
  to   space 8192K, 0% used [0x00000000ddc00000,0x00000000ddc00000,0x00000000de400000)
 ParOldGen       total 47616K, used 6325K [0x0000000081c00000, 0x0000000084a80000, 0x00000000d5f00000)
  object space 47616K, 13% used [0x0000000081c00000,0x000000008222d740,0x0000000084a80000)
 Metaspace       used 23795K, capacity 24136K, committed 24320K, reserved 1071104K
  class space    used 2953K, capacity 3029K, committed 3072K, reserved 1048576K
}
Event: 4.330 GC heap before
{Heap before GC invocations=10 (full 1):
 PSYoungGen      total 124928K, used 124877K [0x00000000d5f00000, 0x00000000dec00000, 0x0000000100000000)
  eden space 120832K, 100% used [0x00000000d5f00000,0x00000000dd500000,0x00000000dd500000)
  from space 4096K, 98% used [0x00000000de800000,0x00000000debf36e8,0x00000000dec00000)
  to   space 8192K, 0% used [0x00000000ddc00000,0x00000000ddc00000,0x00000000de400000)
 ParOldGen       total 47616K, used 6325K [0x0000000081c00000, 0x0000000084a80000, 0x00000000d5f00000)
  object space 47616K, 13% used [0x0000000081c00000,0x000000008222d740,0x0000000084a80000)
 Metaspace       used 27354K, capacity 27710K, committed 27904K, reserved 1073152K
  class space    used 3422K, capacity 3486K, committed 3584K, reserved 1048576K
Event: 4.344 GC heap after
Heap after GC invocations=10 (full 1):
 PSYoungGen      total 136192K, used 8181K [0x00000000d5f00000, 0x00000000e1f80000, 0x0000000100000000)
  eden space 128000K, 0% used [0x00000000d5f00000,0x00000000d5f00000,0x00000000ddc00000)
  from space 8192K, 99% used [0x00000000ddc00000,0x00000000de3fd480,0x00000000de400000)
  to   space 9216K, 0% used [0x00000000e1680000,0x00000000e1680000,0x00000000e1f80000)
 ParOldGen       total 47616K, used 6867K [0x0000000081c00000, 0x0000000084a80000, 0x00000000d5f00000)
  object space 47616K, 14% used [0x0000000081c00000,0x00000000822b4d70,0x0000000084a80000)
 Metaspace       used 27354K, capacity 27710K, committed 27904K, reserved 1073152K
  class space    used 3422K, capacity 3486K, committed 3584K, reserved 1048576K
}
Event: 5.488 GC heap before
{Heap before GC invocations=11 (full 1):
 PSYoungGen      total 136192K, used 136181K [0x00000000d5f00000, 0x00000000e1f80000, 0x0000000100000000)
  eden space 128000K, 100% used [0x00000000d5f00000,0x00000000ddc00000,0x00000000ddc00000)
  from space 8192K, 99% used [0x00000000ddc00000,0x00000000de3fd480,0x00000000de400000)
  to   space 9216K, 0% used [0x00000000e1680000,0x00000000e1680000,0x00000000e1f80000)
 ParOldGen       total 47616K, used 6867K [0x0000000081c00000, 0x0000000084a80000, 0x00000000d5f00000)
  object space 47616K, 14% used [0x0000000081c00000,0x00000000822b4d70,0x0000000084a80000)
 Metaspace       used 31772K, capacity 32278K, committed 32512K, reserved 1077248K
  class space    used 3976K, capacity 4092K, committed 4096K, reserved 1048576K
Event: 5.501 GC heap after
Heap after GC invocations=11 (full 1):
 PSYoungGen      total 186880K, used 8546K [0x00000000d5f00000, 0x00000000e2900000, 0x0000000100000000)
  eden space 177664K, 0% used [0x00000000d5f00000,0x00000000d5f00000,0x00000000e0c80000)
  from space 9216K, 92% used [0x00000000e1680000,0x00000000e1ed88f8,0x00000000e1f80000)
  to   space 10240K, 0% used [0x00000000e0c80000,0x00000000e0c80000,0x00000000e1680000)
 ParOldGen       total 47616K, used 8683K [0x0000000081c00000, 0x0000000084a80000, 0x00000000d5f00000)
  object space 47616K, 18% used [0x0000000081c00000,0x000000008247aec8,0x0000000084a80000)
 Metaspace       used 31772K, capacity 32278K, committed 32512K, reserved 1077248K
  class space    used 3976K, capacity 4092K, committed 4096K, reserved 1048576K
}
Event: 6.673 GC heap before
{Heap before GC invocations=12 (full 1):
 PSYoungGen      total 186880K, used 185127K [0x00000000d5f00000, 0x00000000e2900000, 0x0000000100000000)
  eden space 177664K, 99% used [0x00000000d5f00000,0x00000000e0b71670,0x00000000e0c80000)
  from space 9216K, 92% used [0x00000000e1680000,0x00000000e1ed88f8,0x00000000e1f80000)
  to   space 10240K, 0% used [0x00000000e0c80000,0x00000000e0c80000,0x00000000e1680000)
 ParOldGen       total 47616K, used 8683K [0x0000000081c00000, 0x0000000084a80000, 0x00000000d5f00000)
  object space 47616K, 18% used [0x0000000081c00000,0x000000008247aec8,0x0000000084a80000)
 Metaspace       used 34863K, capacity 35310K, committed 35496K, reserved 1081344K
  class space    used 4199K, capacity 4288K, committed 4352K, reserved 1048576K
Event: 6.692 GC heap after
Heap after GC invocations=12 (full 1):
 PSYoungGen      total 187904K, used 10128K [0x00000000d5f00000, 0x00000000e2900000, 0x0000000100000000)
  eden space 177664K, 0% used [0x00000000d5f00000,0x00000000d5f00000,0x00000000e0c80000)
  from space 10240K, 98% used [0x00000000e0c80000,0x00000000e16641b8,0x00000000e1680000)
  to   space 9216K, 0% used [0x00000000e1680000,0x00000000e1680000,0x00000000e1f80000)
 ParOldGen       total 47616K, used 13974K [0x0000000081c00000, 0x0000000084a80000, 0x00000000d5f00000)
  object space 47616K, 29% used [0x0000000081c00000,0x00000000829a5a00,0x0000000084a80000)
 Metaspace       used 34863K, capacity 35310K, committed 35496K, reserved 1081344K
  class space    used 4199K, capacity 4288K, committed 4352K, reserved 1048576K
}
Event: 6.692 GC heap before
{Heap before GC invocations=13 (full 2):
 PSYoungGen      total 187904K, used 10128K [0x00000000d5f00000, 0x00000000e2900000, 0x0000000100000000)
  eden space 177664K, 0% used [0x00000000d5f00000,0x00000000d5f00000,0x00000000e0c80000)
  from space 10240K, 98% used [0x00000000e0c80000,0x00000000e16641b8,0x00000000e1680000)
  to   space 9216K, 0% used [0x00000000e1680000,0x00000000e1680000,0x00000000e1f80000)
 ParOldGen       total 47616K, used 13974K [0x0000000081c00000, 0x0000000084a80000, 0x00000000d5f00000)
  object space 47616K, 29% used [0x0000000081c00000,0x00000000829a5a00,0x0000000084a80000)
 Metaspace       used 34863K, capacity 35310K, committed 35496K, reserved 1081344K
  class space    used 4199K, capacity 4288K, committed 4352K, reserved 1048576K
Event: 6.808 GC heap after
Heap after GC invocations=13 (full 2):
 PSYoungGen      total 187904K, used 0K [0x00000000d5f00000, 0x00000000e2900000, 0x0000000100000000)
  eden space 177664K, 0% used [0x00000000d5f00000,0x00000000d5f00000,0x00000000e0c80000)
  from space 10240K, 0% used [0x00000000e0c80000,0x00000000e0c80000,0x00000000e1680000)
  to   space 9216K, 0% used [0x00000000e1680000,0x00000000e1680000,0x00000000e1f80000)
 ParOldGen       total 79872K, used 22320K [0x0000000081c00000, 0x0000000086a00000, 0x00000000d5f00000)
  object space 79872K, 27% used [0x0000000081c00000,0x00000000831cc330,0x0000000086a00000)
 Metaspace       used 34861K, capacity 35308K, committed 35496K, reserved 1081344K
  class space    used 4198K, capacity 4287K, committed 4352K, reserved 1048576K
}

